[debug] [2018-10-08T19:36:01.697Z] ----------------------------------------------------------------------
[debug] [2018-10-08T19:36:01.700Z] Command:       /Users/developer/.nvm/versions/node/v8.12.0/bin/node /Users/developer/.nvm/versions/node/v8.12.0/bin/firebase deploy
[debug] [2018-10-08T19:36:01.700Z] CLI Version:   4.2.1
[debug] [2018-10-08T19:36:01.701Z] Platform:      darwin
[debug] [2018-10-08T19:36:01.701Z] Node Version:  v8.12.0
[debug] [2018-10-08T19:36:01.702Z] Time:          Mon Oct 08 2018 14:36:01 GMT-0500 (CDT)
[debug] [2018-10-08T19:36:01.702Z] ----------------------------------------------------------------------
[debug] 
[debug] [2018-10-08T19:36:01.722Z] > command requires scopes: ["email","openid","https://www.googleapis.com/auth/cloudplatformprojects.readonly","https://www.googleapis.com/auth/firebase","https://www.googleapis.com/auth/cloud-platform"]
[debug] [2018-10-08T19:36:01.722Z] > authorizing via signed-in user
[debug] [2018-10-08T19:36:01.724Z] > refreshing access token with scopes: ["email","https://www.googleapis.com/auth/cloud-platform","https://www.googleapis.com/auth/cloudplatformprojects.readonly","https://www.googleapis.com/auth/firebase","openid"]
[debug] [2018-10-08T19:36:01.724Z] >>> HTTP REQUEST POST https://www.googleapis.com/oauth2/v3/token  

[debug] [2018-10-08T19:36:05.377Z] <<< HTTP RESPONSE 200
[debug] [2018-10-08T19:36:05.399Z] >>> HTTP REQUEST GET https://admin.firebase.com/v1/projects/qtxpress  
 
[debug] [2018-10-08T19:36:36.047Z] ----------------------------------------------------------------------
[debug] [2018-10-08T19:36:36.049Z] Command:       /Users/developer/.nvm/versions/node/v8.12.0/bin/node /Users/developer/.nvm/versions/node/v8.12.0/bin/firebase deploy
[debug] [2018-10-08T19:36:36.049Z] CLI Version:   4.2.1
[debug] [2018-10-08T19:36:36.049Z] Platform:      darwin
[debug] [2018-10-08T19:36:36.049Z] Node Version:  v8.12.0
[debug] [2018-10-08T19:36:36.049Z] Time:          Mon Oct 08 2018 14:36:36 GMT-0500 (CDT)
[debug] [2018-10-08T19:36:36.049Z] ----------------------------------------------------------------------
[debug] 
[debug] [2018-10-08T19:36:36.062Z] > command requires scopes: ["email","openid","https://www.googleapis.com/auth/cloudplatformprojects.readonly","https://www.googleapis.com/auth/firebase","https://www.googleapis.com/auth/cloud-platform"]
[debug] [2018-10-08T19:36:36.062Z] > authorizing via signed-in user
[debug] [2018-10-08T19:36:36.064Z] >>> HTTP REQUEST GET https://admin.firebase.com/v1/projects/qtxpress  
 
[debug] [2018-10-08T19:36:36.550Z] <<< HTTP RESPONSE 200
[info] 
[info] === Deploying to 'qtxpress'...
[info] 
[info] i  deploying database, storage, functions, hosting
[info] i  database: checking rules syntax...
[debug] [2018-10-08T19:36:42.398Z] >>> HTTP REQUEST PUT https://qtxpress.firebaseio.com/.settings/rules.json?dryRun=true  
 {
    "rules": {
        "users": {
            ".read": true,
            ".write": true,

            "$uid": {
                ".read": "auth != null && auth.uid == $uid",
                ".write": "auth != null && auth.uid == $uid"
            }
        }
    }
}
[debug] [2018-10-08T19:36:46.866Z] <<< HTTP RESPONSE 423
[debug] [2018-10-08T19:36:46.866Z] <<< HTTP RESPONSE BODY {
  "error" : "The Firebase database 'qtxpress' has been disabled by a database owner."
}

[error] 
[error] Error: Unexpected error while deploying database rules.
